0 info it worked if it ends with ok
1 verbose cli [ 'node', '/Users/bsrin2/.node/bin/npm', 'start' ]
2 info using npm@2.13.2
3 info using node@v0.12.2
4 verbose run-script [ 'prestart', 'start', 'poststart' ]
5 info prestart hiring-buddy@1.0.0
6 info start hiring-buddy@1.0.0
7 verbose unsafe-perm in lifecycle true
8 info hiring-buddy@1.0.0 Failed to exec start script
9 verbose stack Error: hiring-buddy@1.0.0 start: `electron .`
9 verbose stack Exit status 1
9 verbose stack     at EventEmitter.<anonymous> (/Users/bsrin2/.node/lib/node_modules/npm/lib/utils/lifecycle.js:214:16)
9 verbose stack     at EventEmitter.emit (events.js:110:17)
9 verbose stack     at ChildProcess.<anonymous> (/Users/bsrin2/.node/lib/node_modules/npm/lib/utils/spawn.js:24:14)
9 verbose stack     at ChildProcess.emit (events.js:110:17)
9 verbose stack     at maybeClose (child_process.js:1015:16)
9 verbose stack     at Process.ChildProcess._handle.onexit (child_process.js:1087:5)
10 verbose pkgid hiring-buddy@1.0.0
11 verbose cwd /Users/bsrin2/Documents/CodeBase/Interactive/HiringBuddy
12 error Darwin 14.5.0
13 error argv "node" "/Users/bsrin2/.node/bin/npm" "start"
14 error node v0.12.2
15 error npm  v2.13.2
16 error code ELIFECYCLE
17 error hiring-buddy@1.0.0 start: `electron .`
17 error Exit status 1
18 error Failed at the hiring-buddy@1.0.0 start script 'electron .'.
18 error This is most likely a problem with the hiring-buddy package,
18 error not with npm itself.
18 error Tell the author that this fails on your system:
18 error     electron .
18 error You can get their info via:
18 error     npm owner ls hiring-buddy
18 error There is likely additional logging output above.
19 verbose exit [ 1, true ]
